This is pdfTeX, Version 3.14159265-2.6-1.40.19 (TeX Live 2018) (preloaded format=pdflatex 2019.11.4)  4 NOV 2019 19:13
entering extended mode
 restricted \write18 enabled.
 %&-line parsing enabled.
**caio.tex
(./caio.tex
LaTeX2e <2018-04-01> patch level 5
(/usr/share/texlive/texmf-dist/tex/latex/base/article.cls
Document Class: article 2014/09/29 v1.4h Standard LaTeX document class
(/usr/share/texlive/texmf-dist/tex/latex/base/size11.clo
File: size11.clo 2014/09/29 v1.4h Standard LaTeX file (size option)
)
\c@part=\count80
\c@section=\count81
\c@subsection=\count82
\c@subsubsection=\count83
\c@paragraph=\count84
\c@subparagraph=\count85
\c@figure=\count86
\c@table=\count87
\abovecaptionskip=\skip41
\belowcaptionskip=\skip42
\bibindent=\dimen102
)
(/usr/share/texlive/texmf-dist/tex/latex/base/fontenc.sty
Package: fontenc 2017/04/05 v2.0i Standard LaTeX package

(/usr/share/texlive/texmf-dist/tex/latex/base/t1enc.def
File: t1enc.def 2017/04/05 v2.0i Standard LaTeX file
LaTeX Font Info:    Redeclaring font encoding T1 on input line 48.
))
(/usr/share/texlive/texmf-dist/tex/latex/base/inputenc.sty
Package: inputenc 2018/04/06 v1.3b Input encoding file
\inpenc@prehook=\toks14
\inpenc@posthook=\toks15
)
(/usr/share/texlive/texmf-dist/tex/generic/babel/babel.sty
Package: babel 2018/06/05 3.22 The Babel package

(/usr/share/texlive/texmf-dist/tex/generic/babel/switch.def
File: switch.def 2018/06/05 3.22 Babel switching mechanism
)

! Package babel Error: Unknown option `brazil'. Either you misspelled it
(babel)                or the language definition file brazil.ldf was not found
.

See the babel package documentation for explanation.
Type  H <return>  for immediate help.
 ...                                              
                                                  
l.458 \ProcessOptions*
                      
Valid options are: shorthands=, KeepShorthandsActive,
activeacute, activegrave, noconfigs, safe=, main=, math=
headfoot=, strings=, config=, hyphenmap=, or a language name.

Package babel Info: You haven't specified a language. I'll use 'nil'
(babel)             as the main language. Reported on input line 488.
(/usr/share/texlive/texmf-dist/tex/generic/babel/nil.ldf
Language: nil 2018/06/05 3.22 Nil language

(/usr/share/texlive/texmf-dist/tex/generic/babel/babel.def
File: babel.def 2018/06/05 3.22 Babel common definitions
\babel@savecnt=\count88
\U@D=\dimen103

(/usr/share/texlive/texmf-dist/tex/generic/babel/txtbabel.def)
\bbl@dirlevel=\count89
)))
(/usr/share/texlive/texmf-dist/tex/latex/psnfss/times.sty
Package: times 2005/04/12 PSNFSS-v9.2a (SPQR) 
)
(/usr/share/texlive/texmf-dist/tex/latex/listings/listings.sty
(/usr/share/texlive/texmf-dist/tex/latex/graphics/keyval.sty
Package: keyval 2014/10/28 v1.15 key=value parser (DPC)
\KV@toks@=\toks16
)
\lst@mode=\count90
\lst@gtempboxa=\box26
\lst@token=\toks17
\lst@length=\count91
\lst@currlwidth=\dimen104
\lst@column=\count92
\lst@pos=\count93
\lst@lostspace=\dimen105
\lst@width=\dimen106
\lst@newlines=\count94
\lst@lineno=\count95
\lst@maxwidth=\dimen107

(/usr/share/texlive/texmf-dist/tex/latex/listings/lstmisc.sty
File: lstmisc.sty 2015/06/04 1.6 (Carsten Heinz)
\c@lstnumber=\count96
\lst@skipnumbers=\count97
\lst@framebox=\box27
)
(/usr/share/texlive/texmf-dist/tex/latex/listings/listings.cfg
File: listings.cfg 2015/06/04 1.6 listings configuration
))
Package: listings 2015/06/04 1.6 (Carsten Heinz)

(/usr/share/texlive/texmf-dist/tex/latex/graphics/graphicx.sty
Package: graphicx 2017/06/01 v1.1a Enhanced LaTeX Graphics (DPC,SPQR)

(/usr/share/texlive/texmf-dist/tex/latex/graphics/graphics.sty
Package: graphics 2017/06/25 v1.2c Standard LaTeX Graphics (DPC,SPQR)

(/usr/share/texlive/texmf-dist/tex/latex/graphics/trig.sty
Package: trig 2016/01/03 v1.10 sin cos tan (DPC)
)
(/usr/share/texlive/texmf-dist/tex/latex/graphics-cfg/graphics.cfg
File: graphics.cfg 2016/06/04 v1.11 sample graphics configuration
)
Package graphics Info: Driver file: pdftex.def on input line 99.

(/usr/share/texlive/texmf-dist/tex/latex/graphics-def/pdftex.def
File: pdftex.def 2018/01/08 v1.0l Graphics/color driver for pdftex
))
\Gin@req@height=\dimen108
\Gin@req@width=\dimen109
)
(/usr/share/texlive/texmf-dist/tex/latex/caption/caption.sty
Package: caption 2018/05/01 v3.3-147 Customizing captions (AR)

(/usr/share/texlive/texmf-dist/tex/latex/caption/caption3.sty
Package: caption3 2018/05/27 v1.8a caption3 kernel (AR)
Package caption3 Info: TeX engine: e-TeX on input line 64.
\captionmargin=\dimen110
\captionmargin@=\dimen111
\captionwidth=\dimen112
\caption@tempdima=\dimen113
\caption@indent=\dimen114
\caption@parindent=\dimen115
\caption@hangindent=\dimen116
)
\c@ContinuedFloat=\count98
Package caption Info: listings package is loaded.
)
(/usr/share/texlive/texmf-dist/tex/latex/url/url.sty
\Urlmuskip=\muskip10
Package: url 2013/09/16  ver 3.4  Verb mode for urls, etc.
)
(/usr/share/texlive/texmf-dist/tex/latex/caption/subcaption.sty
Package: subcaption 2018/05/01 v1.1-162 Sub-captions (AR)
\c@subfigure=\count99
\c@subtable=\count100
)
(/usr/share/texlive/texmf-dist/tex/latex/float/float.sty
Package: float 2001/11/08 v1.3d Float enhancements (AL)
\c@float@type=\count101
\float@exts=\toks18
\float@box=\box28
\@float@everytoks=\toks19
\@floatcapt=\box29
)
(/usr/share/texlive/texmf-dist/tex/latex/amsmath/amsmath.sty
Package: amsmath 2017/09/02 v2.17a AMS math features
\@mathmargin=\skip43

For additional information on amsmath, use the `?' option.
(/usr/share/texlive/texmf-dist/tex/latex/amsmath/amstext.sty
Package: amstext 2000/06/29 v2.01 AMS text

(/usr/share/texlive/texmf-dist/tex/latex/amsmath/amsgen.sty
File: amsgen.sty 1999/11/30 v2.0 generic functions
\@emptytoks=\toks20
\ex@=\dimen117
))
(/usr/share/texlive/texmf-dist/tex/latex/amsmath/amsbsy.sty
Package: amsbsy 1999/11/29 v1.2d Bold Symbols
\pmbraise@=\dimen118
)
(/usr/share/texlive/texmf-dist/tex/latex/amsmath/amsopn.sty
Package: amsopn 2016/03/08 v2.02 operator names
)
\inf@bad=\count102
LaTeX Info: Redefining \frac on input line 213.
\uproot@=\count103
\leftroot@=\count104
LaTeX Info: Redefining \overline on input line 375.
\classnum@=\count105
\DOTSCASE@=\count106
LaTeX Info: Redefining \ldots on input line 472.
LaTeX Info: Redefining \dots on input line 475.
LaTeX Info: Redefining \cdots on input line 596.
\Mathstrutbox@=\box30
\strutbox@=\box31
\big@size=\dimen119
LaTeX Font Info:    Redeclaring font encoding OML on input line 712.
LaTeX Font Info:    Redeclaring font encoding OMS on input line 713.
\macc@depth=\count107
\c@MaxMatrixCols=\count108
\dotsspace@=\muskip11
\c@parentequation=\count109
\dspbrk@lvl=\count110
\tag@help=\toks21
\row@=\count111
\column@=\count112
\maxfields@=\count113
\andhelp@=\toks22
\eqnshift@=\dimen120
\alignsep@=\dimen121
\tagshift@=\dimen122
\tagwidth@=\dimen123
\totwidth@=\dimen124
\lineht@=\dimen125
\@envbody=\toks23
\multlinegap=\skip44
\multlinetaggap=\skip45
\mathdisplay@stack=\toks24
LaTeX Info: Redefining \[ on input line 2817.
LaTeX Info: Redefining \] on input line 2818.
)

! LaTeX Error: File `adjustbox.sty' not found.

Type X to quit or <RETURN> to proceed,
or enter new name. (Default extension: sty)

Enter file name: 
! Emergency stop.
<read *> 
         
l.16 \usepackage
                {tabularx}^^M
*** (cannot \read from terminal in nonstop modes)

 
Here is how much of TeX's memory you used:
 4320 strings out of 494587
 61720 string characters out of 6177759
 129891 words of memory out of 5000000
 7951 multiletter control sequences out of 15000+600000
 4709 words of font info for 16 fonts, out of 8000000 for 9000
 14 hyphenation exceptions out of 8191
 36i,0n,38p,230b,217s stack positions out of 5000i,500n,10000p,200000b,80000s
!  ==> Fatal error occurred, no output PDF file produced!
