This is pdfTeX, Version 3.14159265-2.6-1.40.20 (TeX Live 2019) (preloaded format=pdflatex 2019.11.19)  19 NOV 2019 19:29
entering extended mode
 restricted \write18 enabled.
 %&-line parsing enabled.
**report.tex
(./report.tex
LaTeX2e <2018-12-01>
(/usr/share/texlive/texmf-dist/tex/latex/base/article.cls
Document Class: article 2018/09/03 v1.4i Standard LaTeX document class
(/usr/share/texlive/texmf-dist/tex/latex/base/size12.clo
File: size12.clo 2018/09/03 v1.4i Standard LaTeX file (size option)
)
\c@part=\count80
\c@section=\count81
\c@subsection=\count82
\c@subsubsection=\count83
\c@paragraph=\count84
\c@subparagraph=\count85
\c@figure=\count86
\c@table=\count87
\abovecaptionskip=\skip41
\belowcaptionskip=\skip42
\bibindent=\dimen102
)
(/usr/share/texlive/texmf-dist/tex/latex/base/fontenc.sty
Package: fontenc 2018/08/11 v2.0j Standard LaTeX package

(/usr/share/texlive/texmf-dist/tex/latex/base/t1enc.def
File: t1enc.def 2018/08/11 v2.0j Standard LaTeX file
LaTeX Font Info:    Redeclaring font encoding T1 on input line 48.
))
(/usr/share/texlive/texmf-dist/tex/latex/base/inputenc.sty
Package: inputenc 2018/08/11 v1.3c Input encoding file
\inpenc@prehook=\toks14
\inpenc@posthook=\toks15
)
(/usr/share/texlive/texmf-dist/tex/generic/babel/babel.sty
Package: babel 2018/06/05 3.22 The Babel package

(/usr/share/texlive/texmf-dist/tex/generic/babel/switch.def
File: switch.def 2018/06/05 3.22 Babel switching mechanism
)
(/usr/share/texlive/texmf-dist/tex/generic/babel-portuges/portuges.ldf
Language: portuges 2008/03/18 v1.2q Portuguese support from the babel system

(/usr/share/texlive/texmf-dist/tex/generic/babel/babel.def
File: babel.def 2018/06/05 3.22 Babel common definitions
\babel@savecnt=\count88
\U@D=\dimen103

(/usr/share/texlive/texmf-dist/tex/generic/babel/txtbabel.def)
\bbl@dirlevel=\count89
)

Package babel Warning: No hyphenation patterns were preloaded for
(babel)                the language `Portuguese' into the format.
(babel)                Please, configure your TeX system to add them and
(babel)                rebuild the format. Now I will use the patterns
(babel)                preloaded for english instead on input line 55.

\l@portuges = a dialect from \language0
\l@brazil = a dialect from \language\l@portuges 
Package babel Info: Making " an active character on input line 145.
)) (/usr/share/texlive/texmf-dist/tex/latex/psnfss/times.sty
Package: times 2005/04/12 PSNFSS-v9.2a (SPQR) 
)
(/usr/share/texlive/texmf-dist/tex/latex/listings/listings.sty
(/usr/share/texlive/texmf-dist/tex/latex/graphics/keyval.sty
Package: keyval 2014/10/28 v1.15 key=value parser (DPC)
\KV@toks@=\toks16
)
\lst@mode=\count90
\lst@gtempboxa=\box27
\lst@token=\toks17
\lst@length=\count91
\lst@currlwidth=\dimen104
\lst@column=\count92
\lst@pos=\count93
\lst@lostspace=\dimen105
\lst@width=\dimen106
\lst@newlines=\count94
\lst@lineno=\count95
\lst@maxwidth=\dimen107

(/usr/share/texlive/texmf-dist/tex/latex/listings/lstmisc.sty
File: lstmisc.sty 2015/06/04 1.6 (Carsten Heinz)
\c@lstnumber=\count96
\lst@skipnumbers=\count97
\lst@framebox=\box28
)
(/usr/share/texlive/texmf-dist/tex/latex/listings/listings.cfg
File: listings.cfg 2015/06/04 1.6 listings configuration
))
Package: listings 2015/06/04 1.6 (Carsten Heinz)

(/usr/share/texlive/texmf-dist/tex/latex/graphics/graphicx.sty
Package: graphicx 2017/06/01 v1.1a Enhanced LaTeX Graphics (DPC,SPQR)

(/usr/share/texlive/texmf-dist/tex/latex/graphics/graphics.sty
Package: graphics 2017/06/25 v1.2c Standard LaTeX Graphics (DPC,SPQR)

(/usr/share/texlive/texmf-dist/tex/latex/graphics/trig.sty
Package: trig 2016/01/03 v1.10 sin cos tan (DPC)
)
(/usr/share/texlive/texmf-dist/tex/latex/graphics-cfg/graphics.cfg
File: graphics.cfg 2016/06/04 v1.11 sample graphics configuration
)
Package graphics Info: Driver file: pdftex.def on input line 99.

(/usr/share/texlive/texmf-dist/tex/latex/graphics-def/pdftex.def
File: pdftex.def 2018/01/08 v1.0l Graphics/color driver for pdftex
))
\Gin@req@height=\dimen108
\Gin@req@width=\dimen109
)
(/usr/share/texlive/texmf-dist/tex/latex/caption/caption.sty
Package: caption 2018/05/01 v3.3-147 Customizing captions (AR)

(/usr/share/texlive/texmf-dist/tex/latex/caption/caption3.sty
Package: caption3 2018/05/27 v1.8a caption3 kernel (AR)
Package caption3 Info: TeX engine: e-TeX on input line 64.
\captionmargin=\dimen110
\captionmargin@=\dimen111
\captionwidth=\dimen112
\caption@tempdima=\dimen113
\caption@indent=\dimen114
\caption@parindent=\dimen115
\caption@hangindent=\dimen116
)
\c@ContinuedFloat=\count98
Package caption Info: listings package is loaded.
)
(/usr/share/texlive/texmf-dist/tex/latex/url/url.sty
\Urlmuskip=\muskip10
Package: url 2013/09/16  ver 3.4  Verb mode for urls, etc.
)
(/usr/share/texlive/texmf-dist/tex/latex/caption/subcaption.sty
Package: subcaption 2018/05/01 v1.1-162 Sub-captions (AR)
\c@subfigure=\count99
\c@subtable=\count100
)
(/usr/share/texlive/texmf-dist/tex/latex/float/float.sty
Package: float 2001/11/08 v1.3d Float enhancements (AL)
\c@float@type=\count101
\float@exts=\toks18
\float@box=\box29
\@float@everytoks=\toks19
\@floatcapt=\box30
)
(/usr/share/texlive/texmf-dist/tex/latex/amsmath/amsmath.sty
Package: amsmath 2017/09/02 v2.17a AMS math features
\@mathmargin=\skip43

For additional information on amsmath, use the `?' option.
(/usr/share/texlive/texmf-dist/tex/latex/amsmath/amstext.sty
Package: amstext 2000/06/29 v2.01 AMS text

(/usr/share/texlive/texmf-dist/tex/latex/amsmath/amsgen.sty
File: amsgen.sty 1999/11/30 v2.0 generic functions
\@emptytoks=\toks20
\ex@=\dimen117
))
(/usr/share/texlive/texmf-dist/tex/latex/amsmath/amsbsy.sty
Package: amsbsy 1999/11/29 v1.2d Bold Symbols
\pmbraise@=\dimen118
)
(/usr/share/texlive/texmf-dist/tex/latex/amsmath/amsopn.sty
Package: amsopn 2016/03/08 v2.02 operator names
)
\inf@bad=\count102
LaTeX Info: Redefining \frac on input line 213.
\uproot@=\count103
\leftroot@=\count104
LaTeX Info: Redefining \overline on input line 375.
\classnum@=\count105
\DOTSCASE@=\count106
LaTeX Info: Redefining \ldots on input line 472.
LaTeX Info: Redefining \dots on input line 475.
LaTeX Info: Redefining \cdots on input line 596.
\Mathstrutbox@=\box31
\strutbox@=\box32
\big@size=\dimen119
LaTeX Font Info:    Redeclaring font encoding OML on input line 712.
LaTeX Font Info:    Redeclaring font encoding OMS on input line 713.
\macc@depth=\count107
\c@MaxMatrixCols=\count108
\dotsspace@=\muskip11
\c@parentequation=\count109
\dspbrk@lvl=\count110
\tag@help=\toks21
\row@=\count111
\column@=\count112
\maxfields@=\count113
\andhelp@=\toks22
\eqnshift@=\dimen120
\alignsep@=\dimen121
\tagshift@=\dimen122
\tagwidth@=\dimen123
\totwidth@=\dimen124
\lineht@=\dimen125
\@envbody=\toks23
\multlinegap=\skip44
\multlinetaggap=\skip45
\mathdisplay@stack=\toks24
LaTeX Info: Redefining \[ on input line 2817.
LaTeX Info: Redefining \] on input line 2818.
)
(/usr/share/texlive/texmf-dist/tex/latex/adjustbox/adjustbox.sty
Package: adjustbox 2018/04/08 v1.1 Adjusting TeX boxes (trim, clip, ...)

(/usr/share/texlive/texmf-dist/tex/latex/xkeyval/xkeyval.sty
Package: xkeyval 2014/12/03 v2.7a package option processing (HA)

(/usr/share/texlive/texmf-dist/tex/generic/xkeyval/xkeyval.tex
(/usr/share/texlive/texmf-dist/tex/generic/xkeyval/xkvutils.tex
\XKV@toks=\toks25
\XKV@tempa@toks=\toks26
)
\XKV@depth=\count114
File: xkeyval.tex 2014/12/03 v2.7a key=value parser (HA)
))
(/usr/share/texlive/texmf-dist/tex/latex/adjustbox/adjcalc.sty
Package: adjcalc 2012/05/16 v1.1 Provides advanced setlength with multiple back
-ends (calc, etex, pgfmath)
)
(/usr/share/texlive/texmf-dist/tex/latex/adjustbox/trimclip.sty
Package: trimclip 2018/04/08 v1.1 Trim and clip general TeX material

(/usr/share/texlive/texmf-dist/tex/latex/collectbox/collectbox.sty
Package: collectbox 2012/05/17 v0.4b Collect macro arguments as boxes
\collectedbox=\box33
)
\tc@llx=\dimen126
\tc@lly=\dimen127
\tc@urx=\dimen128
\tc@ury=\dimen129
Package trimclip Info: Using driver 'tc-pdftex.def'.

(/usr/share/texlive/texmf-dist/tex/latex/adjustbox/tc-pdftex.def
File: tc-pdftex.def 2018/04/08 v2.1 Clipping driver for pdftex
))
\adjbox@Width=\dimen130
\adjbox@Height=\dimen131
\adjbox@Depth=\dimen132
\adjbox@Totalheight=\dimen133
\adjbox@pwidth=\dimen134
\adjbox@pheight=\dimen135
\adjbox@pdepth=\dimen136
\adjbox@ptotalheight=\dimen137

(/usr/share/texlive/texmf-dist/tex/latex/ifoddpage/ifoddpage.sty
Package: ifoddpage 2016/04/23 v1.1 Conditionals for odd/even page detection
\c@checkoddpage=\count115
)
(/usr/share/texlive/texmf-dist/tex/latex/varwidth/varwidth.sty
Package: varwidth 2009/03/30 ver 0.92;  Variable-width minipages
\@vwid@box=\box34
\sift@deathcycles=\count116
\@vwid@loff=\dimen138
\@vwid@roff=\dimen139
))
(/usr/share/texlive/texmf-dist/tex/latex/tools/tabularx.sty
Package: tabularx 2016/02/03 v2.11b `tabularx' package (DPC)

(/usr/share/texlive/texmf-dist/tex/latex/tools/array.sty
Package: array 2018/04/30 v2.4h Tabular extension package (FMi)
\col@sep=\dimen140
\ar@mcellbox=\box35
\extrarowheight=\dimen141
\NC@list=\toks27
\extratabsurround=\skip46
\backup@length=\skip47
\ar@cellbox=\box36
)
\TX@col@width=\dimen142
\TX@old@table=\dimen143
\TX@old@col=\dimen144
\TX@target=\dimen145
\TX@delta=\dimen146
\TX@cols=\count117
\TX@ftn=\toks28
)
(/usr/share/texlive/texmf-dist/tex/latex/tools/dcolumn.sty
Package: dcolumn 2014/10/28 v1.06 decimal alignment package (DPC)
)
(/usr/share/texlive/texmf-dist/tex/latex/multirow/multirow.sty
Package: multirow 2018/08/03 v2.3 Span multiple rows of a table
\multirow@colwidth=\skip48
\multirow@cntb=\count118
\multirow@dima=\skip49
\bigstrutjot=\dimen147
)
(/usr/share/texlive/texmf-dist/tex/latex/booktabs/booktabs.sty
Package: booktabs 2016/04/27 v1.618033 publication quality tables
\heavyrulewidth=\dimen148
\lightrulewidth=\dimen149
\cmidrulewidth=\dimen150
\belowrulesep=\dimen151
\belowbottomsep=\dimen152
\aboverulesep=\dimen153
\abovetopsep=\dimen154
\cmidrulesep=\dimen155
\cmidrulekern=\dimen156
\defaultaddspace=\dimen157
\@cmidla=\count119
\@cmidlb=\count120
\@aboverulesep=\dimen158
\@belowrulesep=\dimen159
\@thisruleclass=\count121
\@lastruleclass=\count122
\@thisrulewidth=\dimen160
)
(/usr/share/texlive/texmf-dist/tex/latex/tools/indentfirst.sty
Package: indentfirst 1995/11/23 v1.03 Indent first paragraph (DPC)
)
(/usr/share/texlive/texmf-dist/tex/latex/preprint/balance.sty
Package: balance 1999/02/23 4.3 (PWD)
\oldvsize=\dimen161
)
(/usr/share/texlive/texmf-dist/tex/latex/sttools/flushend.sty
Package: flushend 2017/03/27 v3.3 Balancing columns in twocolumn mode
\flushend@@lastskip@a=\skip50
\flushend@@lastskip@b=\skip51
\flushend@@lastskip@c=\skip52
\flushend@@penalty@a=\count123
\flushend@@lastkern@a=\dimen162
\var@@temp@spread=\dimen163
\var@@temp@a=\dimen164
\flushend@@page@rule=\dimen165
\flushend@@varbox@a=\box37
\flushend@@varbox@c=\box38
\flushend@@tempbox@a=\box39
\flushend@@tempbox@c=\box40
\@viper=\box41
\hold@viper=\box42
\atColsBreak=\toks29
\atColsEnd=\toks30

(/usr/share/texlive/texmf-dist/tex/latex/etoolbox/etoolbox.sty
Package: etoolbox 2018/02/11 v2.5e e-TeX tools for LaTeX (JAW)
\etb@tempcnta=\count124
))
(/usr/share/texlive/texmf-dist/tex/latex/geometry/geometry.sty
Package: geometry 2018/04/16 v5.8 Page Geometry

(/usr/share/texlive/texmf-dist/tex/generic/oberdiek/ifpdf.sty
Package: ifpdf 2018/09/07 v3.3 Provides the ifpdf switch
)
(/usr/share/texlive/texmf-dist/tex/generic/oberdiek/ifvtex.sty
Package: ifvtex 2016/05/16 v1.6 Detect VTeX and its facilities (HO)
Package ifvtex Info: VTeX not detected.
)
(/usr/share/texlive/texmf-dist/tex/generic/ifxetex/ifxetex.sty
Package: ifxetex 2010/09/12 v0.6 Provides ifxetex conditional
)
\Gm@cnth=\count125
\Gm@cntv=\count126
\c@Gm@tempcnt=\count127
\Gm@bindingoffset=\dimen166
\Gm@wd@mp=\dimen167
\Gm@odd@mp=\dimen168
\Gm@even@mp=\dimen169
\Gm@layoutwidth=\dimen170
\Gm@layoutheight=\dimen171
\Gm@layouthoffset=\dimen172
\Gm@layoutvoffset=\dimen173
\Gm@dimlist=\toks31
)
(/usr/share/texlive/texmf-dist/tex/latex/blindtext/blindtext.sty
Package: blindtext 2012/01/06 V2.0 blindtext-Package

(/usr/share/texlive/texmf-dist/tex/latex/tools/xspace.sty
Package: xspace 2014/10/28 v1.13 Space after command names (DPC,MH)
)
\c@blindtext=\count128
\c@Blindtext=\count129
\c@blind@countparstart=\count130
\blind@countxx=\count131
\blindtext@numBlindtext=\count132
\blind@countyy=\count133
\c@blindlist=\count134
\c@blindlistlevel=\count135
\c@blindlist@level=\count136
\blind@listitem=\count137
\c@blind@listcount=\count138
\c@blind@levelcount=\count139
\blind@mathformula=\count140
\blind@Mathformula=\count141
\c@blind@randomcount=\count142
\c@blind@randommax=\count143
\c@blind@pangramcount=\count144
\c@blind@pangrammax=\count145
) (./report.aux)
\openout1 = `report.aux'.

LaTeX Font Info:    Checking defaults for OML/cmm/m/it on input line 32.
LaTeX Font Info:    ... okay on input line 32.
LaTeX Font Info:    Checking defaults for T1/cmr/m/n on input line 32.
LaTeX Font Info:    ... okay on input line 32.
LaTeX Font Info:    Checking defaults for OT1/cmr/m/n on input line 32.
LaTeX Font Info:    ... okay on input line 32.
LaTeX Font Info:    Checking defaults for OMS/cmsy/m/n on input line 32.
LaTeX Font Info:    ... okay on input line 32.
LaTeX Font Info:    Checking defaults for OMX/cmex/m/n on input line 32.
LaTeX Font Info:    ... okay on input line 32.
LaTeX Font Info:    Checking defaults for U/cmr/m/n on input line 32.
LaTeX Font Info:    ... okay on input line 32.
LaTeX Font Info:    Try loading font information for T1+ptm on input line 32.

(/usr/share/texlive/texmf-dist/tex/latex/psnfss/t1ptm.fd
File: t1ptm.fd 2001/06/04 font definitions for T1/ptm.
)
\c@lstlisting=\count146

(/usr/share/texlive/texmf-dist/tex/context/base/mkii/supp-pdf.mkii
[Loading MPS to PDF converter (version 2006.09.02).]
\scratchcounter=\count147
\scratchdimen=\dimen174
\scratchbox=\box43
\nofMPsegments=\count148
\nofMParguments=\count149
\everyMPshowfont=\toks32
\MPscratchCnt=\count150
\MPscratchDim=\dimen175
\MPnumerator=\count151
\makeMPintoPDFobject=\count152
\everyMPtoPDFconversion=\toks33
) (/usr/share/texlive/texmf-dist/tex/latex/oberdiek/epstopdf-base.sty
Package: epstopdf-base 2016/05/15 v2.6 Base part for package epstopdf

(/usr/share/texlive/texmf-dist/tex/generic/oberdiek/infwarerr.sty
Package: infwarerr 2016/05/16 v1.4 Providing info/warning/error messages (HO)
)
(/usr/share/texlive/texmf-dist/tex/latex/oberdiek/grfext.sty
Package: grfext 2016/05/16 v1.2 Manage graphics extensions (HO)

(/usr/share/texlive/texmf-dist/tex/generic/oberdiek/kvdefinekeys.sty
Package: kvdefinekeys 2016/05/16 v1.4 Define keys (HO)

(/usr/share/texlive/texmf-dist/tex/generic/oberdiek/ltxcmds.sty
Package: ltxcmds 2016/05/16 v1.23 LaTeX kernel commands for general use (HO)
)))
(/usr/share/texlive/texmf-dist/tex/latex/oberdiek/kvoptions.sty
Package: kvoptions 2016/05/16 v3.12 Key value format for package options (HO)

(/usr/share/texlive/texmf-dist/tex/generic/oberdiek/kvsetkeys.sty
Package: kvsetkeys 2016/05/16 v1.17 Key value parser (HO)

(/usr/share/texlive/texmf-dist/tex/generic/oberdiek/etexcmds.sty
Package: etexcmds 2016/05/16 v1.6 Avoid name clashes with e-TeX commands (HO)

(/usr/share/texlive/texmf-dist/tex/generic/oberdiek/ifluatex.sty
Package: ifluatex 2016/05/16 v1.4 Provides the ifluatex switch (HO)
Package ifluatex Info: LuaTeX not detected.
))))
(/usr/share/texlive/texmf-dist/tex/generic/oberdiek/pdftexcmds.sty
Package: pdftexcmds 2018/09/10 v0.29 Utility functions of pdfTeX for LuaTeX (HO
)
Package pdftexcmds Info: LuaTeX not detected.
Package pdftexcmds Info: \pdf@primitive is available.
Package pdftexcmds Info: \pdf@ifprimitive is available.
Package pdftexcmds Info: \pdfdraftmode found.
)
Package epstopdf-base Info: Redefining graphics rule for `.eps' on input line 4
38.
Package grfext Info: Graphics extension search list:
(grfext)             [.pdf,.png,.jpg,.mps,.jpeg,.jbig2,.jb2,.PDF,.PNG,.JPG,.JPE
G,.JBIG2,.JB2,.eps]
(grfext)             \AppendGraphicsExtensions on input line 456.

(/usr/share/texlive/texmf-dist/tex/latex/latexconfig/epstopdf-sys.cfg
File: epstopdf-sys.cfg 2010/07/13 v1.3 Configuration of (r)epstopdf for TeX Liv
e
))
Package caption Info: Begin \AtBeginDocument code.
Package caption Info: float package is loaded.
Package caption Info: End \AtBeginDocument code.

*geometry* driver: auto-detecting
*geometry* detected driver: pdftex
*geometry* verbose mode - [ preamble ] result:
* driver: pdftex
* paper: a4paper
* layout: <same size as paper>
* layoutoffset:(h,v)=(0.0pt,0.0pt)
* modes: 
* h-part:(L,W,R)=(65.44142pt, 469.47049pt, 62.59596pt)
* v-part:(T,H,B)=(56.9055pt, 736.9263pt, 51.21504pt)
* \paperwidth=597.50787pt
* \paperheight=845.04684pt
* \textwidth=469.47049pt
* \textheight=736.9263pt
* \oddsidemargin=-6.82857pt
* \evensidemargin=-6.82857pt
* \topmargin=-52.36449pt
* \headheight=12.0pt
* \headsep=25.0pt
* \topskip=12.0pt
* \footskip=30.0pt
* \marginparwidth=35.0pt
* \marginparsep=10.0pt
* \columnsep=10.0pt
* \skip\footins=10.8pt plus 4.0pt minus 2.0pt
* \hoffset=0.0pt
* \voffset=0.0pt
* \mag=1000
* \@twocolumnfalse
* \@twosidefalse
* \@mparswitchfalse
* \@reversemarginfalse
* (1in=72.27pt=25.4mm, 1cm=28.453pt)

LaTeX Font Info:    Font shape `T1/ptm/bx/n' in size <17.28> not available
(Font)              Font shape `T1/ptm/b/n' tried instead on input line 39.
[1

{/usr/share/texlive/texmf-dist/fonts/map/pdftex/updmap/pdftex.map}]
</home/caio/tcc-slices/ns-3.29/results/slices.png, id=9, 447.6725pt x 349.305pt
>
File: /home/caio/tcc-slices/ns-3.29/results/slices.png Graphic file (type png)
<use /home/caio/tcc-slices/ns-3.29/results/slices.png>
Package pdftex.def Info: /home/caio/tcc-slices/ns-3.29/results/slices.png  used
 on input line 57.
(pdftex.def)             Requested size: 375.57782pt x 293.05708pt.
LaTeX Font Info:    Font shape `T1/ptm/bx/n' in size <14.4> not available
(Font)              Font shape `T1/ptm/b/n' tried instead on input line 64.
</home/caio/tcc-slices/ns-3.29/results/estadio.jpg, id=11, 745.78625pt x 570.13
pt>
File: /home/caio/tcc-slices/ns-3.29/results/estadio.jpg Graphic file (type jpg)

<use /home/caio/tcc-slices/ns-3.29/results/estadio.jpg>
Package pdftex.def Info: /home/caio/tcc-slices/ns-3.29/results/estadio.jpg  use
d on input line 70.
(pdftex.def)             Requested size: 375.57782pt x 287.11737pt.
 [2 </home/caio/tcc-slices/ns-3.29/results/slices.png>] [3 </home/caio/tcc-slic
es/ns-3.29/results/estadio.jpg>] [4]
</home/caio/tcc-slices/ns-3.29/results/graphics/compound/delay/slice_01_quadra_
ftp.png, id=22, 462.528pt x 346.896pt>
File: /home/caio/tcc-slices/ns-3.29/results/graphics/compound/delay/slice_01_qu
adra_ftp.png Graphic file (type png)
<use /home/caio/tcc-slices/ns-3.29/results/graphics/compound/delay/slice_01_qua
dra_ftp.png>
Package pdftex.def Info: /home/caio/tcc-slices/ns-3.29/results/graphics/compoun
d/delay/slice_01_quadra_ftp.png  used on input line 147.
(pdftex.def)             Requested size: 375.57782pt x 281.69879pt.
</home/caio/tcc-slices/ns-3.29/results/graphics/compound/delay/slice_02_especta
dores_voip_audio.png, id=23, 462.528pt x 346.896pt>
File: /home/caio/tcc-slices/ns-3.29/results/graphics/compound/delay/slice_02_es
pectadores_voip_audio.png Graphic file (type png)
<use /home/caio/tcc-slices/ns-3.29/results/graphics/compound/delay/slice_02_esp
ectadores_voip_audio.png>
Package pdftex.def Info: /home/caio/tcc-slices/ns-3.29/results/graphics/compoun
d/delay/slice_02_espectadores_voip_audio.png  used on input line 154.
(pdftex.def)             Requested size: 375.57782pt x 281.69879pt.
</home/caio/tcc-slices/ns-3.29/results/graphics/compound/delay/slice_03_especta
dores_ack_ftp_imagem.png, id=24, 462.528pt x 346.896pt>
File: /home/caio/tcc-slices/ns-3.29/results/graphics/compound/delay/slice_03_es
pectadores_ack_ftp_imagem.png Graphic file (type png)
<use /home/caio/tcc-slices/ns-3.29/results/graphics/compound/delay/slice_03_esp
ectadores_ack_ftp_imagem.png>
Package pdftex.def Info: /home/caio/tcc-slices/ns-3.29/results/graphics/compoun
d/delay/slice_03_espectadores_ack_ftp_imagem.png  used on input line 161.
(pdftex.def)             Requested size: 375.57782pt x 281.69879pt.
 [5 </home/caio/tcc-slices/ns-3.29/results/graphics/compound/delay/slice_01_qua
dra_ftp.png> </home/caio/tcc-slices/ns-3.29/results/graphics/compound/delay/sli
ce_02_espectadores_voip_audio.png>]
</home/caio/tcc-slices/ns-3.29/results/graphics/compound/delay/slice_04_especta
dores_ack_ftp_texto.png, id=30, 462.528pt x 346.896pt>
File: /home/caio/tcc-slices/ns-3.29/results/graphics/compound/delay/slice_04_es
pectadores_ack_ftp_texto.png Graphic file (type png)
<use /home/caio/tcc-slices/ns-3.29/results/graphics/compound/delay/slice_04_esp
ectadores_ack_ftp_texto.png>
Package pdftex.def Info: /home/caio/tcc-slices/ns-3.29/results/graphics/compoun
d/delay/slice_04_espectadores_ack_ftp_texto.png  used on input line 168.
(pdftex.def)             Requested size: 375.57782pt x 281.69879pt.
</home/caio/tcc-slices/ns-3.29/results/graphics/compound/delay/slice_11_quadra_
ftp.png, id=31, 462.528pt x 346.896pt>
File: /home/caio/tcc-slices/ns-3.29/results/graphics/compound/delay/slice_11_qu
adra_ftp.png Graphic file (type png)
<use /home/caio/tcc-slices/ns-3.29/results/graphics/compound/delay/slice_11_qua
dra_ftp.png>
Package pdftex.def Info: /home/caio/tcc-slices/ns-3.29/results/graphics/compoun
d/delay/slice_11_quadra_ftp.png  used on input line 175.
(pdftex.def)             Requested size: 375.57782pt x 281.69879pt.
 [6 </home/caio/tcc-slices/ns-3.29/results/graphics/compound/delay/slice_03_esp
ectadores_ack_ftp_imagem.png> </home/caio/tcc-slices/ns-3.29/results/graphics/c
ompound/delay/slice_04_espectadores_ack_ftp_texto.png>]
</home/caio/tcc-slices/ns-3.29/results/graphics/compound/delay/slice_12_especta
dores_udp_video.png, id=37, 462.528pt x 346.896pt>
File: /home/caio/tcc-slices/ns-3.29/results/graphics/compound/delay/slice_12_es
pectadores_udp_video.png Graphic file (type png)
<use /home/caio/tcc-slices/ns-3.29/results/graphics/compound/delay/slice_12_esp
ectadores_udp_video.png>
Package pdftex.def Info: /home/caio/tcc-slices/ns-3.29/results/graphics/compoun
d/delay/slice_12_espectadores_udp_video.png  used on input line 182.
(pdftex.def)             Requested size: 375.57782pt x 281.69879pt.
</home/caio/tcc-slices/ns-3.29/results/graphics/compound/delay/slice_13_especta
dores_ftp_imagem.png, id=38, 462.528pt x 346.896pt>
File: /home/caio/tcc-slices/ns-3.29/results/graphics/compound/delay/slice_13_es
pectadores_ftp_imagem.png Graphic file (type png)
<use /home/caio/tcc-slices/ns-3.29/results/graphics/compound/delay/slice_13_esp
ectadores_ftp_imagem.png>
Package pdftex.def Info: /home/caio/tcc-slices/ns-3.29/results/graphics/compoun
d/delay/slice_13_espectadores_ftp_imagem.png  used on input line 189.
(pdftex.def)             Requested size: 375.57782pt x 281.69879pt.
 [7 </home/caio/tcc-slices/ns-3.29/results/graphics/compound/delay/slice_11_qua
dra_ftp.png> </home/caio/tcc-slices/ns-3.29/results/graphics/compound/delay/sli
ce_12_espectadores_udp_video.png>]
</home/caio/tcc-slices/ns-3.29/results/graphics/compound/delay/slice_14_especta
dores_ftp_texto.png, id=45, 462.528pt x 346.896pt>
File: /home/caio/tcc-slices/ns-3.29/results/graphics/compound/delay/slice_14_es
pectadores_ftp_texto.png Graphic file (type png)
<use /home/caio/tcc-slices/ns-3.29/results/graphics/compound/delay/slice_14_esp
ectadores_ftp_texto.png>
Package pdftex.def Info: /home/caio/tcc-slices/ns-3.29/results/graphics/compoun
d/delay/slice_14_espectadores_ftp_texto.png  used on input line 196.
(pdftex.def)             Requested size: 375.57782pt x 281.69879pt.
</home/caio/tcc-slices/ns-3.29/results/graphics/compound/jitter/slice_01_quadra
_ftp.png, id=46, 462.528pt x 346.896pt>
File: /home/caio/tcc-slices/ns-3.29/results/graphics/compound/jitter/slice_01_q
uadra_ftp.png Graphic file (type png)
<use /home/caio/tcc-slices/ns-3.29/results/graphics/compound/jitter/slice_01_qu
adra_ftp.png>
Package pdftex.def Info: /home/caio/tcc-slices/ns-3.29/results/graphics/compoun
d/jitter/slice_01_quadra_ftp.png  used on input line 203.
(pdftex.def)             Requested size: 375.57782pt x 281.69879pt.

[8 </home/caio/tcc-slices/ns-3.29/results/graphics/compound/delay/slice_13_espe
ctadores_ftp_imagem.png> </home/caio/tcc-slices/ns-3.29/results/graphics/compou
nd/delay/slice_14_espectadores_ftp_texto.png>]
</home/caio/tcc-slices/ns-3.29/results/graphics/compound/jitter/slice_02_espect
adores_voip_audio.png, id=52, 462.528pt x 346.896pt>
File: /home/caio/tcc-slices/ns-3.29/results/graphics/compound/jitter/slice_02_e
spectadores_voip_audio.png Graphic file (type png)
<use /home/caio/tcc-slices/ns-3.29/results/graphics/compound/jitter/slice_02_es
pectadores_voip_audio.png>
Package pdftex.def Info: /home/caio/tcc-slices/ns-3.29/results/graphics/compoun
d/jitter/slice_02_espectadores_voip_audio.png  used on input line 210.
(pdftex.def)             Requested size: 375.57782pt x 281.69879pt.
</home/caio/tcc-slices/ns-3.29/results/graphics/compound/jitter/slice_03_espect
adores_ack_ftp_imagem.png, id=53, 462.528pt x 346.896pt>
File: /home/caio/tcc-slices/ns-3.29/results/graphics/compound/jitter/slice_03_e
spectadores_ack_ftp_imagem.png Graphic file (type png)
<use /home/caio/tcc-slices/ns-3.29/results/graphics/compound/jitter/slice_03_es
pectadores_ack_ftp_imagem.png>
Package pdftex.def Info: /home/caio/tcc-slices/ns-3.29/results/graphics/compoun
d/jitter/slice_03_espectadores_ack_ftp_imagem.png  used on input line 217.
(pdftex.def)             Requested size: 375.57782pt x 281.69879pt.
 [9 </home/caio/tcc-slices/ns-3.29/results/graphics/compound/jitter/slice_01_qu
adra_ftp.png> </home/caio/tcc-slices/ns-3.29/results/graphics/compound/jitter/s
lice_02_espectadores_voip_audio.png>]
</home/caio/tcc-slices/ns-3.29/results/graphics/compound/jitter/slice_04_espect
adores_ack_ftp_texto.png, id=59, 462.528pt x 346.896pt>
File: /home/caio/tcc-slices/ns-3.29/results/graphics/compound/jitter/slice_04_e
spectadores_ack_ftp_texto.png Graphic file (type png)
<use /home/caio/tcc-slices/ns-3.29/results/graphics/compound/jitter/slice_04_es
pectadores_ack_ftp_texto.png>
Package pdftex.def Info: /home/caio/tcc-slices/ns-3.29/results/graphics/compoun
d/jitter/slice_04_espectadores_ack_ftp_texto.png  used on input line 224.
(pdftex.def)             Requested size: 375.57782pt x 281.69879pt.
</home/caio/tcc-slices/ns-3.29/results/graphics/compound/jitter/slice_11_quadra
_ftp.png, id=60, 462.528pt x 346.896pt>
File: /home/caio/tcc-slices/ns-3.29/results/graphics/compound/jitter/slice_11_q
uadra_ftp.png Graphic file (type png)
<use /home/caio/tcc-slices/ns-3.29/results/graphics/compound/jitter/slice_11_qu
adra_ftp.png>
Package pdftex.def Info: /home/caio/tcc-slices/ns-3.29/results/graphics/compoun
d/jitter/slice_11_quadra_ftp.png  used on input line 231.
(pdftex.def)             Requested size: 375.57782pt x 281.69879pt.
 [10 </home/caio/tcc-slices/ns-3.29/results/graphics/compound/jitter/slice_03_e
spectadores_ack_ftp_imagem.png> </home/caio/tcc-slices/ns-3.29/results/graphics
/compound/jitter/slice_04_espectadores_ack_ftp_texto.png>]
</home/caio/tcc-slices/ns-3.29/results/graphics/compound/jitter/slice_12_espect
adores_udp_video.png, id=66, 462.528pt x 346.896pt>
File: /home/caio/tcc-slices/ns-3.29/results/graphics/compound/jitter/slice_12_e
spectadores_udp_video.png Graphic file (type png)
<use /home/caio/tcc-slices/ns-3.29/results/graphics/compound/jitter/slice_12_es
pectadores_udp_video.png>
Package pdftex.def Info: /home/caio/tcc-slices/ns-3.29/results/graphics/compoun
d/jitter/slice_12_espectadores_udp_video.png  used on input line 238.
(pdftex.def)             Requested size: 375.57782pt x 281.69879pt.
</home/caio/tcc-slices/ns-3.29/results/graphics/compound/jitter/slice_13_espect
adores_ftp_imagem.png, id=67, 462.528pt x 346.896pt>
File: /home/caio/tcc-slices/ns-3.29/results/graphics/compound/jitter/slice_13_e
spectadores_ftp_imagem.png Graphic file (type png)
<use /home/caio/tcc-slices/ns-3.29/results/graphics/compound/jitter/slice_13_es
pectadores_ftp_imagem.png>
Package pdftex.def Info: /home/caio/tcc-slices/ns-3.29/results/graphics/compoun
d/jitter/slice_13_espectadores_ftp_imagem.png  used on input line 245.
(pdftex.def)             Requested size: 375.57782pt x 281.69879pt.
 [11 </home/caio/tcc-slices/ns-3.29/results/graphics/compound/jitter/slice_11_q
uadra_ftp.png> </home/caio/tcc-slices/ns-3.29/results/graphics/compound/jitter/
slice_12_espectadores_udp_video.png>]
</home/caio/tcc-slices/ns-3.29/results/graphics/compound/jitter/slice_14_espect
adores_ftp_texto.png, id=73, 462.528pt x 346.896pt>
File: /home/caio/tcc-slices/ns-3.29/results/graphics/compound/jitter/slice_14_e
spectadores_ftp_texto.png Graphic file (type png)
<use /home/caio/tcc-slices/ns-3.29/results/graphics/compound/jitter/slice_14_es
pectadores_ftp_texto.png>
Package pdftex.def Info: /home/caio/tcc-slices/ns-3.29/results/graphics/compoun
d/jitter/slice_14_espectadores_ftp_texto.png  used on input line 252.
(pdftex.def)             Requested size: 375.57782pt x 281.69879pt.
</home/caio/tcc-slices/ns-3.29/results/graphics/compound/lost_packets/slice_01_
quadra_ftp.png, id=74, 462.528pt x 346.896pt>
File: /home/caio/tcc-slices/ns-3.29/results/graphics/compound/lost_packets/slic
e_01_quadra_ftp.png Graphic file (type png)
<use /home/caio/tcc-slices/ns-3.29/results/graphics/compound/lost_packets/slice
_01_quadra_ftp.png>
Package pdftex.def Info: /home/caio/tcc-slices/ns-3.29/results/graphics/compoun
d/lost_packets/slice_01_quadra_ftp.png  used on input line 259.
(pdftex.def)             Requested size: 375.57782pt x 281.69879pt.
 [12 </home/caio/tcc-slices/ns-3.29/results/graphics/compound/jitter/slice_13_e
spectadores_ftp_imagem.png> </home/caio/tcc-slices/ns-3.29/results/graphics/com
pound/jitter/slice_14_espectadores_ftp_texto.png>]
</home/caio/tcc-slices/ns-3.29/results/graphics/compound/lost_packets/slice_02_
espectadores_voip_audio.png, id=80, 462.528pt x 346.896pt>
File: /home/caio/tcc-slices/ns-3.29/results/graphics/compound/lost_packets/slic
e_02_espectadores_voip_audio.png Graphic file (type png)
<use /home/caio/tcc-slices/ns-3.29/results/graphics/compound/lost_packets/slice
_02_espectadores_voip_audio.png>
Package pdftex.def Info: /home/caio/tcc-slices/ns-3.29/results/graphics/compoun
d/lost_packets/slice_02_espectadores_voip_audio.png  used on input line 266.
(pdftex.def)             Requested size: 375.57782pt x 281.69879pt.
</home/caio/tcc-slices/ns-3.29/results/graphics/compound/lost_packets/slice_03_
espectadores_ack_ftp_imagem.png, id=81, 462.528pt x 346.896pt>
File: /home/caio/tcc-slices/ns-3.29/results/graphics/compound/lost_packets/slic
e_03_espectadores_ack_ftp_imagem.png Graphic file (type png)
<use /home/caio/tcc-slices/ns-3.29/results/graphics/compound/lost_packets/slice
_03_espectadores_ack_ftp_imagem.png>
Package pdftex.def Info: /home/caio/tcc-slices/ns-3.29/results/graphics/compoun
d/lost_packets/slice_03_espectadores_ack_ftp_imagem.png  used on input line 273
.
(pdftex.def)             Requested size: 375.57782pt x 281.69879pt.
 [13 </home/caio/tcc-slices/ns-3.29/results/graphics/compound/lost_packets/slic
e_01_quadra_ftp.png> </home/caio/tcc-slices/ns-3.29/results/graphics/compound/l
ost_packets/slice_02_espectadores_voip_audio.png>]
</home/caio/tcc-slices/ns-3.29/results/graphics/compound/lost_packets/slice_04_
espectadores_ack_ftp_texto.png, id=88, 462.528pt x 346.896pt>
File: /home/caio/tcc-slices/ns-3.29/results/graphics/compound/lost_packets/slic
e_04_espectadores_ack_ftp_texto.png Graphic file (type png)
<use /home/caio/tcc-slices/ns-3.29/results/graphics/compound/lost_packets/slice
_04_espectadores_ack_ftp_texto.png>
Package pdftex.def Info: /home/caio/tcc-slices/ns-3.29/results/graphics/compoun
d/lost_packets/slice_04_espectadores_ack_ftp_texto.png  used on input line 280.

(pdftex.def)             Requested size: 375.57782pt x 281.69879pt.
</home/caio/tcc-slices/ns-3.29/results/graphics/compound/lost_packets/slice_11_
quadra_ftp.png, id=89, 462.528pt x 346.896pt>
File: /home/caio/tcc-slices/ns-3.29/results/graphics/compound/lost_packets/slic
e_11_quadra_ftp.png Graphic file (type png)
<use /home/caio/tcc-slices/ns-3.29/results/graphics/compound/lost_packets/slice
_11_quadra_ftp.png>
Package pdftex.def Info: /home/caio/tcc-slices/ns-3.29/results/graphics/compoun
d/lost_packets/slice_11_quadra_ftp.png  used on input line 287.
(pdftex.def)             Requested size: 375.57782pt x 281.69879pt.
 [14 </home/caio/tcc-slices/ns-3.29/results/graphics/compound/lost_packets/slic
e_03_espectadores_ack_ftp_imagem.png> </home/caio/tcc-slices/ns-3.29/results/gr
aphics/compound/lost_packets/slice_04_espectadores_ack_ftp_texto.png>]
</home/caio/tcc-slices/ns-3.29/results/graphics/compound/lost_packets/slice_12_
espectadores_udp_video.png, id=95, 462.528pt x 346.896pt>
File: /home/caio/tcc-slices/ns-3.29/results/graphics/compound/lost_packets/slic
e_12_espectadores_udp_video.png Graphic file (type png)
<use /home/caio/tcc-slices/ns-3.29/results/graphics/compound/lost_packets/slice
_12_espectadores_udp_video.png>
Package pdftex.def Info: /home/caio/tcc-slices/ns-3.29/results/graphics/compoun
d/lost_packets/slice_12_espectadores_udp_video.png  used on input line 294.
(pdftex.def)             Requested size: 375.57782pt x 281.69879pt.
</home/caio/tcc-slices/ns-3.29/results/graphics/compound/lost_packets/slice_13_
espectadores_ftp_imagem.png, id=96, 462.528pt x 346.896pt>
File: /home/caio/tcc-slices/ns-3.29/results/graphics/compound/lost_packets/slic
e_13_espectadores_ftp_imagem.png Graphic file (type png)
<use /home/caio/tcc-slices/ns-3.29/results/graphics/compound/lost_packets/slice
_13_espectadores_ftp_imagem.png>
Package pdftex.def Info: /home/caio/tcc-slices/ns-3.29/results/graphics/compoun
d/lost_packets/slice_13_espectadores_ftp_imagem.png  used on input line 301.
(pdftex.def)             Requested size: 375.57782pt x 281.69879pt.
 [15 </home/caio/tcc-slices/ns-3.29/results/graphics/compound/lost_packets/slic
e_11_quadra_ftp.png> </home/caio/tcc-slices/ns-3.29/results/graphics/compound/l
ost_packets/slice_12_espectadores_udp_video.png>]
</home/caio/tcc-slices/ns-3.29/results/graphics/compound/lost_packets/slice_14_
espectadores_ftp_texto.png, id=102, 462.528pt x 346.896pt>
File: /home/caio/tcc-slices/ns-3.29/results/graphics/compound/lost_packets/slic
e_14_espectadores_ftp_texto.png Graphic file (type png)
<use /home/caio/tcc-slices/ns-3.29/results/graphics/compound/lost_packets/slice
_14_espectadores_ftp_texto.png>
Package pdftex.def Info: /home/caio/tcc-slices/ns-3.29/results/graphics/compoun
d/lost_packets/slice_14_espectadores_ftp_texto.png  used on input line 308.
(pdftex.def)             Requested size: 375.57782pt x 281.69879pt.
</home/caio/tcc-slices/ns-3.29/results/graphics/compound/throughput/slice_01_qu
adra_ftp.png, id=103, 462.528pt x 346.896pt>
File: /home/caio/tcc-slices/ns-3.29/results/graphics/compound/throughput/slice_
01_quadra_ftp.png Graphic file (type png)
<use /home/caio/tcc-slices/ns-3.29/results/graphics/compound/throughput/slice_0
1_quadra_ftp.png>
Package pdftex.def Info: /home/caio/tcc-slices/ns-3.29/results/graphics/compoun
d/throughput/slice_01_quadra_ftp.png  used on input line 315.
(pdftex.def)             Requested size: 375.57782pt x 281.69879pt.
 [16 </home/caio/tcc-slices/ns-3.29/results/graphics/compound/lost_packets/slic
e_13_espectadores_ftp_imagem.png> </home/caio/tcc-slices/ns-3.29/results/graphi
cs/compound/lost_packets/slice_14_espectadores_ftp_texto.png>]
</home/caio/tcc-slices/ns-3.29/results/graphics/compound/throughput/slice_02_es
pectadores_voip_audio.png, id=109, 462.528pt x 346.896pt>
File: /home/caio/tcc-slices/ns-3.29/results/graphics/compound/throughput/slice_
02_espectadores_voip_audio.png Graphic file (type png)
<use /home/caio/tcc-slices/ns-3.29/results/graphics/compound/throughput/slice_0
2_espectadores_voip_audio.png>
Package pdftex.def Info: /home/caio/tcc-slices/ns-3.29/results/graphics/compoun
d/throughput/slice_02_espectadores_voip_audio.png  used on input line 322.
(pdftex.def)             Requested size: 375.57782pt x 281.69879pt.
</home/caio/tcc-slices/ns-3.29/results/graphics/compound/throughput/slice_03_es
pectadores_ack_ftp_imagem.png, id=110, 462.528pt x 346.896pt>
File: /home/caio/tcc-slices/ns-3.29/results/graphics/compound/throughput/slice_
03_espectadores_ack_ftp_imagem.png Graphic file (type png)
<use /home/caio/tcc-slices/ns-3.29/results/graphics/compound/throughput/slice_0
3_espectadores_ack_ftp_imagem.png>
Package pdftex.def Info: /home/caio/tcc-slices/ns-3.29/results/graphics/compoun
d/throughput/slice_03_espectadores_ack_ftp_imagem.png  used on input line 329.
(pdftex.def)             Requested size: 375.57782pt x 281.69879pt.
 [17 </home/caio/tcc-slices/ns-3.29/results/graphics/compound/throughput/slice_
01_quadra_ftp.png> </home/caio/tcc-slices/ns-3.29/results/graphics/compound/thr
oughput/slice_02_espectadores_voip_audio.png>]
</home/caio/tcc-slices/ns-3.29/results/graphics/compound/throughput/slice_04_es
pectadores_ack_ftp_texto.png, id=116, 462.528pt x 346.896pt>
File: /home/caio/tcc-slices/ns-3.29/results/graphics/compound/throughput/slice_
04_espectadores_ack_ftp_texto.png Graphic file (type png)
<use /home/caio/tcc-slices/ns-3.29/results/graphics/compound/throughput/slice_0
4_espectadores_ack_ftp_texto.png>
Package pdftex.def Info: /home/caio/tcc-slices/ns-3.29/results/graphics/compoun
d/throughput/slice_04_espectadores_ack_ftp_texto.png  used on input line 336.
(pdftex.def)             Requested size: 375.57782pt x 281.69879pt.
</home/caio/tcc-slices/ns-3.29/results/graphics/compound/throughput/slice_11_qu
adra_ftp.png, id=117, 462.528pt x 346.896pt>
File: /home/caio/tcc-slices/ns-3.29/results/graphics/compound/throughput/slice_
11_quadra_ftp.png Graphic file (type png)
<use /home/caio/tcc-slices/ns-3.29/results/graphics/compound/throughput/slice_1
1_quadra_ftp.png>
Package pdftex.def Info: /home/caio/tcc-slices/ns-3.29/results/graphics/compoun
d/throughput/slice_11_quadra_ftp.png  used on input line 343.
(pdftex.def)             Requested size: 375.57782pt x 281.69879pt.
 [18 </home/caio/tcc-slices/ns-3.29/results/graphics/compound/throughput/slice_
03_espectadores_ack_ftp_imagem.png> </home/caio/tcc-slices/ns-3.29/results/grap
hics/compound/throughput/slice_04_espectadores_ack_ftp_texto.png>]
</home/caio/tcc-slices/ns-3.29/results/graphics/compound/throughput/slice_12_es
pectadores_udp_video.png, id=123, 462.528pt x 346.896pt>
File: /home/caio/tcc-slices/ns-3.29/results/graphics/compound/throughput/slice_
12_espectadores_udp_video.png Graphic file (type png)
<use /home/caio/tcc-slices/ns-3.29/results/graphics/compound/throughput/slice_1
2_espectadores_udp_video.png>
Package pdftex.def Info: /home/caio/tcc-slices/ns-3.29/results/graphics/compoun
d/throughput/slice_12_espectadores_udp_video.png  used on input line 350.
(pdftex.def)             Requested size: 375.57782pt x 281.69879pt.
</home/caio/tcc-slices/ns-3.29/results/graphics/compound/throughput/slice_13_es
pectadores_ftp_imagem.png, id=124, 462.528pt x 346.896pt>
File: /home/caio/tcc-slices/ns-3.29/results/graphics/compound/throughput/slice_
13_espectadores_ftp_imagem.png Graphic file (type png)
<use /home/caio/tcc-slices/ns-3.29/results/graphics/compound/throughput/slice_1
3_espectadores_ftp_imagem.png>
Package pdftex.def Info: /home/caio/tcc-slices/ns-3.29/results/graphics/compoun
d/throughput/slice_13_espectadores_ftp_imagem.png  used on input line 357.
(pdftex.def)             Requested size: 375.57782pt x 281.69879pt.
 [19 </home/caio/tcc-slices/ns-3.29/results/graphics/compound/throughput/slice_
11_quadra_ftp.png> </home/caio/tcc-slices/ns-3.29/results/graphics/compound/thr
oughput/slice_12_espectadores_udp_video.png>]
</home/caio/tcc-slices/ns-3.29/results/graphics/compound/throughput/slice_14_es
pectadores_ftp_texto.png, id=131, 462.528pt x 346.896pt>
File: /home/caio/tcc-slices/ns-3.29/results/graphics/compound/throughput/slice_
14_espectadores_ftp_texto.png Graphic file (type png)
<use /home/caio/tcc-slices/ns-3.29/results/graphics/compound/throughput/slice_1
4_espectadores_ftp_texto.png>
Package pdftex.def Info: /home/caio/tcc-slices/ns-3.29/results/graphics/compoun
d/throughput/slice_14_espectadores_ftp_texto.png  used on input line 364.
(pdftex.def)             Requested size: 375.57782pt x 281.69879pt.
 [20 </home/caio/tcc-slices/ns-3.29/results/graphics/compound/throughput/slice_
13_espectadores_ftp_imagem.png> </home/caio/tcc-slices/ns-3.29/results/graphics
/compound/throughput/slice_14_espectadores_ftp_texto.png>] [21] [22] [23] (./re
port.aux) ) 
Here is how much of TeX's memory you used:
 7912 strings out of 494562
 127567 string characters out of 6177416
 210618 words of memory out of 5000000
 11395 multiletter control sequences out of 15000+600000
 27442 words of font info for 45 fonts, out of 8000000 for 9000
 14 hyphenation exceptions out of 8191
 41i,7n,77p,1772b,347s stack positions out of 5000i,500n,10000p,200000b,80000s
{/usr/share/texlive/texmf-dist/fonts/enc/dvips/base/8r.enc}</usr/sha
re/texlive/texmf-dist/fonts/type1/urw/times/utmb8a.pfb></usr/share/texlive/texm
f-dist/fonts/type1/urw/times/utmr8a.pfb></usr/share/texlive/texmf-dist/fonts/ty
pe1/urw/times/utmri8a.pfb>
Output written on report.pdf (23 pages, 693928 bytes).
PDF statistics:
 159 PDF objects out of 1000 (max. 8388607)
 63 compressed objects within 1 object stream
 0 named destinations out of 1000 (max. 500000)
 171 words of extra memory for PDF output out of 10000 (max. 10000000)

